

Microchip MPLAB XC8 Assembler V2.41 build 20230208172133 
                                                                                               Fri Oct 06 23:05:40 2023

Microchip MPLAB XC8 C Compiler v2.41 (Free license) build 20230208172133 Og1 
     1                           	processor	16F877A
     2                           	pagewidth 120
     3                           	opt	flic
     4                           	psect	strings,global,class=STRING,delta=2,noexec
     5                           	psect	cinit,global,class=CODE,merge=1,delta=2
     6                           	psect	cstackCOMMON,global,class=COMMON,space=1,delta=1,noexec
     7                           	psect	maintext,global,class=CODE,split=1,delta=2
     8                           	psect	text1,local,class=CODE,merge=1,delta=2
     9                           	psect	text2,local,class=CODE,merge=1,delta=2
    10                           	psect	text3,local,class=CODE,merge=1,delta=2
    11                           	psect	text4,local,class=CODE,merge=1,delta=2
    12                           	psect	text5,local,class=CODE,merge=1,delta=2
    13                           	psect	text6,local,class=CODE,merge=1,delta=2
    14                           	psect	idloc,global,abs,ovrld,class=IDLOC,space=5,delta=2,noexec
    15                           	psect	config,global,abs,ovrld,class=CONFIG,space=4,delta=2,noexec
    16                           	dabs	1,0x7E,2
    17     0000                     
    18                           ; Generated 09/02/2023 GMT
    19                           ; 
    20                           ; Copyright © 2023, Microchip Technology Inc. and its subsidiaries ("Microchip")
    21                           ; All rights reserved.
    22                           ; 
    23                           ; This software is developed by Microchip Technology Inc. and its subsidiaries ("Microch
      +                          ip").
    24                           ; 
    25                           ; Redistribution and use in source and binary forms, with or without modification, are
    26                           ; permitted provided that the following conditions are met:
    27                           ; 
    28                           ;     1. Redistributions of source code must retain the above copyright notice, this lis
      +                          t of
    29                           ;        conditions and the following disclaimer.
    30                           ; 
    31                           ;     2. Redistributions in binary form must reproduce the above copyright notice, this 
      +                          list
    32                           ;        of conditions and the following disclaimer in the documentation and/or other
    33                           ;        materials provided with the distribution. Publication is not required when
    34                           ;        this file is used in an embedded application.
    35                           ; 
    36                           ;     3. Microchip's name may not be used to endorse or promote products derived from th
      +                          is
    37                           ;        software without specific prior written permission.
    38                           ; 
    39                           ; THIS SOFTWARE IS PROVIDED BY MICROCHIP "AS IS" AND ANY EXPRESS OR IMPLIED WARRANTIES,
    40                           ; INCLUDING, BUT NOT LIMITED TO, THE IMPLIED WARRANTIES OF MERCHANTABILITY AND FITNESS F
      +                          OR
    41                           ; PURPOSE ARE DISCLAIMED.  IN NO EVENT SHALL MICROCHIP BE LIABLE FOR ANY DIRECT, INDIREC
      +                          T,
    42                           ; INCIDENTAL, SPECIAL, EXEMPLARY, OR CONSEQUENTIAL DAMAGES (INCLUDING BUT NOT LIMITED TO
    43                           ; PROCUREMENT OF SUBSTITUTE GOODS OR SERVICES; LOSS OF USE, DATA OR PROFITS; OR BUSINESS
    44                           ; INTERRUPTION) HOWSOEVER CAUSED AND ON ANY THEORY OF LIABILITY, WHETHER IN CONTRACT, ST
      +                          RICT
    45                           ; LIABILITY, OR TORT (INCLUDING NEGLIGENCE OR OTHERWISE) ARISING IN ANY WAY OUT OF THE U
      +                          SE OF
    46                           ; THIS SOFTWARE, EVEN IF ADVISED OF THE POSSIBILITY OF SUCH DAMAGE.
    47                           ; 
    48                           ; 
    49                           ; Code-generator required, PIC16F877A Definitions
    50                           ; 
    51                           ; SFR Addresses
    52     0000                     	;# 
    53     0001                     	;# 
    54     0002                     	;# 
    55     0003                     	;# 
    56     0004                     	;# 
    57     0005                     	;# 
    58     0006                     	;# 
    59     0007                     	;# 
    60     0008                     	;# 
    61     0009                     	;# 
    62     000A                     	;# 
    63     000B                     	;# 
    64     000C                     	;# 
    65     000D                     	;# 
    66     000E                     	;# 
    67     000E                     	;# 
    68     000F                     	;# 
    69     0010                     	;# 
    70     0011                     	;# 
    71     0012                     	;# 
    72     0013                     	;# 
    73     0014                     	;# 
    74     0015                     	;# 
    75     0015                     	;# 
    76     0016                     	;# 
    77     0017                     	;# 
    78     0018                     	;# 
    79     0019                     	;# 
    80     001A                     	;# 
    81     001B                     	;# 
    82     001B                     	;# 
    83     001C                     	;# 
    84     001D                     	;# 
    85     001E                     	;# 
    86     001F                     	;# 
    87     0081                     	;# 
    88     0085                     	;# 
    89     0086                     	;# 
    90     0087                     	;# 
    91     0088                     	;# 
    92     0089                     	;# 
    93     008C                     	;# 
    94     008D                     	;# 
    95     008E                     	;# 
    96     0091                     	;# 
    97     0092                     	;# 
    98     0093                     	;# 
    99     0094                     	;# 
   100     0098                     	;# 
   101     0099                     	;# 
   102     009C                     	;# 
   103     009D                     	;# 
   104     009E                     	;# 
   105     009F                     	;# 
   106     010C                     	;# 
   107     010D                     	;# 
   108     010E                     	;# 
   109     010F                     	;# 
   110     018C                     	;# 
   111     018D                     	;# 
   112     0000                     	;# 
   113     0001                     	;# 
   114     0002                     	;# 
   115     0003                     	;# 
   116     0004                     	;# 
   117     0005                     	;# 
   118     0006                     	;# 
   119     0007                     	;# 
   120     0008                     	;# 
   121     0009                     	;# 
   122     000A                     	;# 
   123     000B                     	;# 
   124     000C                     	;# 
   125     000D                     	;# 
   126     000E                     	;# 
   127     000E                     	;# 
   128     000F                     	;# 
   129     0010                     	;# 
   130     0011                     	;# 
   131     0012                     	;# 
   132     0013                     	;# 
   133     0014                     	;# 
   134     0015                     	;# 
   135     0015                     	;# 
   136     0016                     	;# 
   137     0017                     	;# 
   138     0018                     	;# 
   139     0019                     	;# 
   140     001A                     	;# 
   141     001B                     	;# 
   142     001B                     	;# 
   143     001C                     	;# 
   144     001D                     	;# 
   145     001E                     	;# 
   146     001F                     	;# 
   147     0081                     	;# 
   148     0085                     	;# 
   149     0086                     	;# 
   150     0087                     	;# 
   151     0088                     	;# 
   152     0089                     	;# 
   153     008C                     	;# 
   154     008D                     	;# 
   155     008E                     	;# 
   156     0091                     	;# 
   157     0092                     	;# 
   158     0093                     	;# 
   159     0094                     	;# 
   160     0098                     	;# 
   161     0099                     	;# 
   162     009C                     	;# 
   163     009D                     	;# 
   164     009E                     	;# 
   165     009F                     	;# 
   166     010C                     	;# 
   167     010D                     	;# 
   168     010E                     	;# 
   169     010F                     	;# 
   170     018C                     	;# 
   171     018D                     	;# 
   172     0000                     	;# 
   173     0001                     	;# 
   174     0002                     	;# 
   175     0003                     	;# 
   176     0004                     	;# 
   177     0005                     	;# 
   178     0006                     	;# 
   179     0007                     	;# 
   180     0008                     	;# 
   181     0009                     	;# 
   182     000A                     	;# 
   183     000B                     	;# 
   184     000C                     	;# 
   185     000D                     	;# 
   186     000E                     	;# 
   187     000E                     	;# 
   188     000F                     	;# 
   189     0010                     	;# 
   190     0011                     	;# 
   191     0012                     	;# 
   192     0013                     	;# 
   193     0014                     	;# 
   194     0015                     	;# 
   195     0015                     	;# 
   196     0016                     	;# 
   197     0017                     	;# 
   198     0018                     	;# 
   199     0019                     	;# 
   200     001A                     	;# 
   201     001B                     	;# 
   202     001B                     	;# 
   203     001C                     	;# 
   204     001D                     	;# 
   205     001E                     	;# 
   206     001F                     	;# 
   207     0081                     	;# 
   208     0085                     	;# 
   209     0086                     	;# 
   210     0087                     	;# 
   211     0088                     	;# 
   212     0089                     	;# 
   213     008C                     	;# 
   214     008D                     	;# 
   215     008E                     	;# 
   216     0091                     	;# 
   217     0092                     	;# 
   218     0093                     	;# 
   219     0094                     	;# 
   220     0098                     	;# 
   221     0099                     	;# 
   222     009C                     	;# 
   223     009D                     	;# 
   224     009E                     	;# 
   225     009F                     	;# 
   226     010C                     	;# 
   227     010D                     	;# 
   228     010E                     	;# 
   229     010F                     	;# 
   230     018C                     	;# 
   231     018D                     	;# 
   232     0008                     _PORTD	set	8
   233     0049                     _RE1	set	73
   234     004A                     _RE2	set	74
   235     0088                     _TRISD	set	136
   236     0449                     _TRISE1	set	1097
   237     044A                     _TRISE2	set	1098
   238                           
   239                           	psect	strings
   240     0003                     __pstrings:
   241     0003                     stringtab:
   242     0003                     __stringtab:
   243     0003                     stringcode:	
   244                           ;	String table - string pointers are 1 byte each
   245                           
   246     0003                     stringdir:
   247     0003  3000               	movlw	high stringdir
   248     0004  008A               	movwf	10
   249     0005  0804               	movf	4,w
   250     0006  0A84               	incf	4,f
   251     0007  0782               	addwf	2,f
   252     0008                     __stringbase:
   253     0008  3400               	retlw	0
   254     0009                     __end_of__stringtab:
   255     0009                     STR_2:
   256     0009  3457               	retlw	87	;'W'
   257     000A  346F               	retlw	111	;'o'
   258     000B  3472               	retlw	114	;'r'
   259     000C  346C               	retlw	108	;'l'
   260     000D  3464               	retlw	100	;'d'
   261     000E  3400               	retlw	0
   262     000F                     STR_1:
   263     000F  3448               	retlw	72	;'H'
   264     0010  3465               	retlw	101	;'e'
   265     0011  346C               	retlw	108	;'l'
   266     0012  346C               	retlw	108	;'l'
   267     0013  346F               	retlw	111	;'o'
   268     0014  3400               	retlw	0
   269                           
   270                           	psect	cinit
   271     07FC                     start_initialization:	
   272                           ; #config settings
   273                           
   274     07FC                     __initialization:
   275     07FC                     end_of_initialization:	
   276                           ;End of C runtime variable initialization code
   277                           
   278     07FC                     __end_of__initialization:
   279     07FC  0183               	clrf	3
   280     07FD  120A  118A  2F3A   	ljmp	_main	;jump to C main() function
   281                           
   282                           	psect	cstackCOMMON
   283     0070                     __pcstackCOMMON:
   284     0070                     ?_clcd_write:
   285     0070                     ?_init_display_controller:	
   286                           ; 1 bytes @ 0x0
   287                           
   288     0070                     ?_init_clcd:	
   289                           ; 1 bytes @ 0x0
   290                           
   291     0070                     ?_init_config:	
   292                           ; 1 bytes @ 0x0
   293                           
   294     0070                     ?_main:	
   295                           ; 1 bytes @ 0x0
   296                           
   297     0070                     clcd_write@mode:	
   298                           ; 1 bytes @ 0x0
   299                           
   300                           
   301                           ; 1 bytes @ 0x0
   302     0070                     	ds	1
   303     0071                     ??_clcd_write:
   304                           
   305                           ; 1 bytes @ 0x1
   306     0071                     	ds	2
   307     0073                     clcd_write@byte:
   308                           
   309                           ; 1 bytes @ 0x3
   310     0073                     	ds	1
   311     0074                     ??_init_display_controller:
   312     0074                     ?_clcd_putch:	
   313                           ; 1 bytes @ 0x4
   314                           
   315     0074                     ?_clcd_print:	
   316                           ; 1 bytes @ 0x4
   317                           
   318     0074                     clcd_putch@addr:	
   319                           ; 1 bytes @ 0x4
   320                           
   321     0074                     clcd_print@addr:	
   322                           ; 1 bytes @ 0x4
   323                           
   324                           
   325                           ; 1 bytes @ 0x4
   326     0074                     	ds	1
   327     0075                     ??_clcd_putch:
   328     0075                     ??_clcd_print:	
   329                           ; 1 bytes @ 0x5
   330                           
   331     0075                     clcd_putch@data:	
   332                           ; 1 bytes @ 0x5
   333                           
   334     0075                     clcd_print@str:	
   335                           ; 1 bytes @ 0x5
   336                           
   337                           
   338                           ; 1 bytes @ 0x5
   339     0075                     	ds	1
   340     0076                     ??_init_clcd:
   341     0076                     ??_init_config:	
   342                           ; 1 bytes @ 0x6
   343                           
   344     0076                     ??_main:	
   345                           ; 1 bytes @ 0x6
   346                           
   347                           
   348                           	psect	maintext
   349     073A                     __pmaintext:	
   350                           ; 1 bytes @ 0x6
   351 ;;
   352 ;;Main: autosize = 0, tempsize = 0, incstack = 0, save=0
   353 ;;
   354 ;; *************** function _main *****************
   355 ;; Defined at:
   356 ;;		line 11 in file "main.c"
   357 ;; Parameters:    Size  Location     Type
   358 ;;		None
   359 ;; Auto vars:     Size  Location     Type
   360 ;;		None
   361 ;; Return value:  Size  Location     Type
   362 ;;                  1    wreg      void 
   363 ;; Registers used:
   364 ;;		wreg, fsr0l, fsr0h, status,2, status,0, btemp+1, pclath, cstack
   365 ;; Tracked objects:
   366 ;;		On entry : B00/0
   367 ;;		On exit  : 0/0
   368 ;;		Unchanged: 0/0
   369 ;; Data sizes:     COMMON   BANK0   BANK1   BANK3   BANK2
   370 ;;      Params:         0       0       0       0       0
   371 ;;      Locals:         0       0       0       0       0
   372 ;;      Temps:          0       0       0       0       0
   373 ;;      Totals:         0       0       0       0       0
   374 ;;Total ram usage:        0 bytes
   375 ;; Hardware stack levels required when called: 4
   376 ;; This function calls:
   377 ;;		_clcd_print
   378 ;;		_clcd_putch
   379 ;;		_init_config
   380 ;; This function is called by:
   381 ;;		Startup code after reset
   382 ;; This function uses a non-reentrant model
   383 ;;
   384                           
   385     073A                     _main:	
   386                           ;psect for function _main
   387                           
   388     073A                     l775:	
   389                           ;incstack = 0
   390                           ; Regs used in _main: [wreg-fsr0h+status,2+status,0+btemp+1+pclath+cstack]
   391                           
   392                           
   393                           ;main.c: 12:         clcd_print("World", (0xD0 + 4));
   394     073A  120A  118A  26F0  120A  118A  	fcall	_init_config
   395     073F                     l46:	
   396                           ;main.c: 14:     return;
   397                           
   398     073F  3084               	movlw	132
   399     0740  00F4               	movwf	clcd_putch@addr
   400     0741  3035               	movlw	53
   401     0742  120A  118A  2701  120A  118A  	fcall	_clcd_putch
   402     0747                     l777:
   403     0747  30C4               	movlw	196
   404     0748  00F4               	movwf	clcd_print@addr
   405     0749  3007               	movlw	(low ((STR_1-__stringbase)| (0+32768)))& (0+255)
   406     074A  120A  118A  2712  120A  118A  	fcall	_clcd_print
   407     074F                     l779:
   408     074F  3094               	movlw	148
   409     0750  00F4               	movwf	clcd_putch@addr
   410     0751  3034               	movlw	52
   411     0752  120A  118A  2701  120A  118A  	fcall	_clcd_putch
   412     0757  30D4               	movlw	212
   413     0758  00F4               	movwf	clcd_print@addr
   414     0759  3001               	movlw	(low ((STR_2-__stringbase)| (0+32768)))& (0+255)
   415     075A  120A  118A  2712  120A  118A  	fcall	_clcd_print
   416     075F  2F3F               	goto	l46
   417     0760  120A  118A  2800   	ljmp	start
   418     0763                     __end_of_main:
   419                           
   420                           	psect	text1
   421     06F0                     __ptext1:	
   422 ;; *************** function _init_config *****************
   423 ;; Defined at:
   424 ;;		line 7 in file "main.c"
   425 ;; Parameters:    Size  Location     Type
   426 ;;		None
   427 ;; Auto vars:     Size  Location     Type
   428 ;;		None
   429 ;; Return value:  Size  Location     Type
   430 ;;                  1    wreg      void 
   431 ;; Registers used:
   432 ;;		wreg, status,2, status,0, pclath, cstack
   433 ;; Tracked objects:
   434 ;;		On entry : 0/0
   435 ;;		On exit  : 0/0
   436 ;;		Unchanged: 0/0
   437 ;; Data sizes:     COMMON   BANK0   BANK1   BANK3   BANK2
   438 ;;      Params:         0       0       0       0       0
   439 ;;      Locals:         0       0       0       0       0
   440 ;;      Temps:          0       0       0       0       0
   441 ;;      Totals:         0       0       0       0       0
   442 ;;Total ram usage:        0 bytes
   443 ;; Hardware stack levels used: 1
   444 ;; Hardware stack levels required when called: 3
   445 ;; This function calls:
   446 ;;		_init_clcd
   447 ;; This function is called by:
   448 ;;		_main
   449 ;; This function uses a non-reentrant model
   450 ;;
   451                           
   452     06F0                     _init_config:	
   453                           ;psect for function _init_config
   454                           
   455     06F0                     l773:	
   456                           ;incstack = 0
   457                           ; Regs used in _init_config: [wreg+status,2+status,0+pclath+cstack]
   458                           
   459                           
   460                           ;main.c: 8: 
   461     06F0  120A  118A  26F6  120A  118A  	fcall	_init_clcd
   462     06F5                     l41:
   463     06F5  0008               	return
   464     06F6                     __end_of_init_config:
   465                           
   466                           	psect	text2
   467     06F6                     __ptext2:	
   468 ;; *************** function _init_clcd *****************
   469 ;; Defined at:
   470 ;;		line 44 in file "clcd.c"
   471 ;; Parameters:    Size  Location     Type
   472 ;;		None
   473 ;; Auto vars:     Size  Location     Type
   474 ;;		None
   475 ;; Return value:  Size  Location     Type
   476 ;;                  1    wreg      void 
   477 ;; Registers used:
   478 ;;		wreg, status,2, status,0, pclath, cstack
   479 ;; Tracked objects:
   480 ;;		On entry : 0/0
   481 ;;		On exit  : 0/0
   482 ;;		Unchanged: 0/0
   483 ;; Data sizes:     COMMON   BANK0   BANK1   BANK3   BANK2
   484 ;;      Params:         0       0       0       0       0
   485 ;;      Locals:         0       0       0       0       0
   486 ;;      Temps:          0       0       0       0       0
   487 ;;      Totals:         0       0       0       0       0
   488 ;;Total ram usage:        0 bytes
   489 ;; Hardware stack levels used: 1
   490 ;; Hardware stack levels required when called: 2
   491 ;; This function calls:
   492 ;;		_init_display_controller
   493 ;; This function is called by:
   494 ;;		_init_config
   495 ;; This function uses a non-reentrant model
   496 ;;
   497                           
   498     06F6                     _init_clcd:	
   499                           ;psect for function _init_clcd
   500                           
   501     06F6                     l755:	
   502                           ;incstack = 0
   503                           ; Regs used in _init_clcd: [wreg+status,2+status,0+pclath+cstack]
   504                           
   505                           
   506                           ;clcd.c: 47:     TRISD = 0x00;
   507     06F6  1683               	bsf	3,5	;RP0=1, select bank1
   508     06F7  1303               	bcf	3,6	;RP1=0, select bank1
   509     06F8  0188               	clrf	8	;volatile
   510     06F9                     l757:
   511                           
   512                           ;clcd.c: 50:     TRISE2 = 0;
   513     06F9  1109               	bcf	9,2	;volatile
   514     06FA                     l759:
   515                           
   516                           ;clcd.c: 51:     TRISE1 = 0;
   517     06FA  1089               	bcf	9,1	;volatile
   518     06FB                     l761:
   519                           
   520                           ;clcd.c: 53:     init_display_controller();
   521     06FB  120A  118A  2799  120A  118A  	fcall	_init_display_controller
   522     0700                     l23:
   523     0700  0008               	return
   524     0701                     __end_of_init_clcd:
   525                           
   526                           	psect	text3
   527     0799                     __ptext3:	
   528 ;; *************** function _init_display_controller *****************
   529 ;; Defined at:
   530 ;;		line 21 in file "clcd.c"
   531 ;; Parameters:    Size  Location     Type
   532 ;;		None
   533 ;; Auto vars:     Size  Location     Type
   534 ;;		None
   535 ;; Return value:  Size  Location     Type
   536 ;;                  1    wreg      void 
   537 ;; Registers used:
   538 ;;		wreg, status,2, status,0, pclath, cstack
   539 ;; Tracked objects:
   540 ;;		On entry : 0/0
   541 ;;		On exit  : 0/0
   542 ;;		Unchanged: 0/0
   543 ;; Data sizes:     COMMON   BANK0   BANK1   BANK3   BANK2
   544 ;;      Params:         0       0       0       0       0
   545 ;;      Locals:         0       0       0       0       0
   546 ;;      Temps:          2       0       0       0       0
   547 ;;      Totals:         2       0       0       0       0
   548 ;;Total ram usage:        2 bytes
   549 ;; Hardware stack levels used: 1
   550 ;; Hardware stack levels required when called: 1
   551 ;; This function calls:
   552 ;;		_clcd_write
   553 ;; This function is called by:
   554 ;;		_init_clcd
   555 ;; This function uses a non-reentrant model
   556 ;;
   557                           
   558     0799                     _init_display_controller:	
   559                           ;psect for function _init_display_controller
   560                           
   561     0799                     l731:	
   562                           ;incstack = 0
   563                           ; Regs used in _init_display_controller: [wreg+status,2+status,0+pclath+cstack]
   564                           
   565                           
   566                           ;clcd.c: 24:     _delay((unsigned long)((30)*(20000000/4000.0)));
   567     0799  30C3               	movlw	195
   568     079A  00F5               	movwf	??_init_display_controller+1
   569     079B  30CD               	movlw	205
   570     079C  00F4               	movwf	??_init_display_controller
   571     079D                     u97:
   572     079D  0BF4               	decfsz	??_init_display_controller,f
   573     079E  2F9D               	goto	u97
   574     079F  0BF5               	decfsz	??_init_display_controller+1,f
   575     07A0  2F9D               	goto	u97
   576     07A1                     l733:
   577                           
   578                           ;clcd.c: 27:     clcd_write(0x33, 0);
   579     07A1  01F0               	clrf	clcd_write@mode
   580     07A2  3033               	movlw	51
   581     07A3  120A  118A  2763  120A  118A  	fcall	_clcd_write
   582     07A8                     l735:
   583                           
   584                           ;clcd.c: 28:     _delay((unsigned long)((4100)*(20000000/4000000.0)));
   585     07A8  301B               	movlw	27
   586     07A9  00F5               	movwf	??_init_display_controller+1
   587     07AA  309E               	movlw	158
   588     07AB  00F4               	movwf	??_init_display_controller
   589     07AC                     u107:
   590     07AC  0BF4               	decfsz	??_init_display_controller,f
   591     07AD  2FAC               	goto	u107
   592     07AE  0BF5               	decfsz	??_init_display_controller+1,f
   593     07AF  2FAC               	goto	u107
   594     07B0  0000               	nop
   595                           
   596                           ;clcd.c: 29:     clcd_write(0x33, 0);
   597     07B1  01F0               	clrf	clcd_write@mode
   598     07B2  3033               	movlw	51
   599     07B3  120A  118A  2763  120A  118A  	fcall	_clcd_write
   600     07B8                     l737:
   601                           
   602                           ;clcd.c: 30:     _delay((unsigned long)((100)*(20000000/4000000.0)));
   603     07B8  30A6               	movlw	166
   604     07B9  00F4               	movwf	??_init_display_controller
   605     07BA                     u117:
   606     07BA  0BF4               	decfsz	??_init_display_controller,f
   607     07BB  2FBA               	goto	u117
   608     07BC  0000               	nop
   609     07BD                     l739:
   610                           
   611                           ;clcd.c: 31:     clcd_write(0x33, 0);
   612     07BD  01F0               	clrf	clcd_write@mode
   613     07BE  3033               	movlw	51
   614     07BF  120A  118A  2763  120A  118A  	fcall	_clcd_write
   615     07C4                     l741:
   616                           
   617                           ;clcd.c: 32:     _delay((unsigned long)((1)*(20000000/4000000.0)));
   618     07C4  2FC5               	nop2	;2 cycle nop
   619     07C5  2FC6               	nop2	;2 cycle nop
   620     07C6  0000               	nop
   621     07C7                     l743:
   622                           
   623                           ;clcd.c: 34:     clcd_write(0x02, 0);
   624     07C7  01F0               	clrf	clcd_write@mode
   625     07C8  3002               	movlw	2
   626     07C9  120A  118A  2763  120A  118A  	fcall	_clcd_write
   627     07CE                     l745:
   628                           
   629                           ;clcd.c: 35:     _delay((unsigned long)((100)*(20000000/4000000.0)));
   630     07CE  30A6               	movlw	166
   631     07CF  00F4               	movwf	??_init_display_controller
   632     07D0                     u127:
   633     07D0  0BF4               	decfsz	??_init_display_controller,f
   634     07D1  2FD0               	goto	u127
   635     07D2  0000               	nop
   636                           
   637                           ;clcd.c: 36:     clcd_write(0x28, 0);
   638     07D3  01F0               	clrf	clcd_write@mode
   639     07D4  3028               	movlw	40
   640     07D5  120A  118A  2763  120A  118A  	fcall	_clcd_write
   641     07DA                     l747:
   642                           
   643                           ;clcd.c: 37:     _delay((unsigned long)((100)*(20000000/4000000.0)));
   644     07DA  30A6               	movlw	166
   645     07DB  00F4               	movwf	??_init_display_controller
   646     07DC                     u137:
   647     07DC  0BF4               	decfsz	??_init_display_controller,f
   648     07DD  2FDC               	goto	u137
   649     07DE  0000               	nop
   650     07DF                     l749:
   651                           
   652                           ;clcd.c: 38:     clcd_write(0x01, 0);
   653     07DF  01F0               	clrf	clcd_write@mode
   654     07E0  3001               	movlw	1
   655     07E1  120A  118A  2763  120A  118A  	fcall	_clcd_write
   656                           
   657                           ;clcd.c: 39:     _delay((unsigned long)((500)*(20000000/4000000.0)));
   658     07E6  3004               	movlw	4
   659     07E7  00F5               	movwf	??_init_display_controller+1
   660     07E8  303D               	movlw	61
   661     07E9  00F4               	movwf	??_init_display_controller
   662     07EA                     u147:
   663     07EA  0BF4               	decfsz	??_init_display_controller,f
   664     07EB  2FEA               	goto	u147
   665     07EC  0BF5               	decfsz	??_init_display_controller+1,f
   666     07ED  2FEA               	goto	u147
   667     07EE  2FEF               	nop2
   668     07EF                     l751:
   669                           
   670                           ;clcd.c: 40:     clcd_write(0x0C, 0);
   671     07EF  01F0               	clrf	clcd_write@mode
   672     07F0  300C               	movlw	12
   673     07F1  120A  118A  2763  120A  118A  	fcall	_clcd_write
   674     07F6                     l753:
   675                           
   676                           ;clcd.c: 41:     _delay((unsigned long)((100)*(20000000/4000000.0)));
   677     07F6  30A6               	movlw	166
   678     07F7  00F4               	movwf	??_init_display_controller
   679     07F8                     u157:
   680     07F8  0BF4               	decfsz	??_init_display_controller,f
   681     07F9  2FF8               	goto	u157
   682     07FA  0000               	nop
   683     07FB                     l20:
   684     07FB  0008               	return
   685     07FC                     __end_of_init_display_controller:
   686                           
   687                           	psect	text4
   688     0701                     __ptext4:	
   689 ;; *************** function _clcd_putch *****************
   690 ;; Defined at:
   691 ;;		line 56 in file "clcd.c"
   692 ;; Parameters:    Size  Location     Type
   693 ;;  data            1    wreg     const unsigned char 
   694 ;;  addr            1    4[COMMON] unsigned char 
   695 ;; Auto vars:     Size  Location     Type
   696 ;;  data            1    5[COMMON] const unsigned char 
   697 ;; Return value:  Size  Location     Type
   698 ;;                  1    wreg      void 
   699 ;; Registers used:
   700 ;;		wreg, status,2, status,0, pclath, cstack
   701 ;; Tracked objects:
   702 ;;		On entry : 0/0
   703 ;;		On exit  : 0/0
   704 ;;		Unchanged: 0/0
   705 ;; Data sizes:     COMMON   BANK0   BANK1   BANK3   BANK2
   706 ;;      Params:         1       0       0       0       0
   707 ;;      Locals:         1       0       0       0       0
   708 ;;      Temps:          0       0       0       0       0
   709 ;;      Totals:         2       0       0       0       0
   710 ;;Total ram usage:        2 bytes
   711 ;; Hardware stack levels used: 1
   712 ;; Hardware stack levels required when called: 1
   713 ;; This function calls:
   714 ;;		_clcd_write
   715 ;; This function is called by:
   716 ;;		_main
   717 ;; This function uses a non-reentrant model
   718 ;;
   719                           
   720     0701                     _clcd_putch:	
   721                           ;psect for function _clcd_putch
   722                           
   723                           
   724                           ;incstack = 0
   725                           ; Regs used in _clcd_putch: [wreg+status,2+status,0+pclath+cstack]
   726                           ;clcd_putch@data stored from wreg
   727     0701  00F5               	movwf	clcd_putch@data
   728     0702                     l763:
   729                           
   730                           ;clcd.c: 56: void clcd_putch(const char data, unsigned char addr);clcd.c: 57: {;clcd.c: 
      +                          58:     clcd_write(addr, 0);
   731     0702  01F0               	clrf	clcd_write@mode
   732     0703  0874               	movf	clcd_putch@addr,w
   733     0704  120A  118A  2763  120A  118A  	fcall	_clcd_write
   734                           
   735                           ;clcd.c: 59:     clcd_write(data, 1);
   736     0709  01F0               	clrf	clcd_write@mode
   737     070A  0AF0               	incf	clcd_write@mode,f
   738     070B  0875               	movf	clcd_putch@data,w
   739     070C  120A  118A  2763  120A  118A  	fcall	_clcd_write
   740     0711                     l26:
   741     0711  0008               	return
   742     0712                     __end_of_clcd_putch:
   743                           
   744                           	psect	text5
   745     0712                     __ptext5:	
   746 ;; *************** function _clcd_print *****************
   747 ;; Defined at:
   748 ;;		line 62 in file "clcd.c"
   749 ;; Parameters:    Size  Location     Type
   750 ;;  str             1    wreg     PTR const unsigned char 
   751 ;;		 -> STR_2(6), STR_1(6), 
   752 ;;  addr            1    4[COMMON] unsigned char 
   753 ;; Auto vars:     Size  Location     Type
   754 ;;  str             1    5[COMMON] PTR const unsigned char 
   755 ;;		 -> STR_2(6), STR_1(6), 
   756 ;; Return value:  Size  Location     Type
   757 ;;                  1    wreg      void 
   758 ;; Registers used:
   759 ;;		wreg, fsr0l, fsr0h, status,2, status,0, btemp+1, pclath, cstack
   760 ;; Tracked objects:
   761 ;;		On entry : 0/0
   762 ;;		On exit  : 0/0
   763 ;;		Unchanged: 0/0
   764 ;; Data sizes:     COMMON   BANK0   BANK1   BANK3   BANK2
   765 ;;      Params:         1       0       0       0       0
   766 ;;      Locals:         1       0       0       0       0
   767 ;;      Temps:          0       0       0       0       0
   768 ;;      Totals:         2       0       0       0       0
   769 ;;Total ram usage:        2 bytes
   770 ;; Hardware stack levels used: 1
   771 ;; Hardware stack levels required when called: 1
   772 ;; This function calls:
   773 ;;		_clcd_write
   774 ;; This function is called by:
   775 ;;		_main
   776 ;; This function uses a non-reentrant model
   777 ;;
   778                           
   779     0712                     _clcd_print:	
   780                           ;psect for function _clcd_print
   781                           
   782                           
   783                           ;incstack = 0
   784                           ; Regs used in _clcd_print: [wreg-fsr0h+status,2+status,0+btemp+1+pclath+cstack]
   785                           ;clcd_print@str stored from wreg
   786     0712  00F5               	movwf	clcd_print@str
   787     0713                     l765:
   788                           
   789                           ;clcd.c: 62: void clcd_print(const char *str, unsigned char addr);clcd.c: 63: {;clcd.c: 
      +                          64:     clcd_write(addr, 0);
   790     0713  01F0               	clrf	clcd_write@mode
   791     0714  0874               	movf	clcd_print@addr,w
   792     0715  120A  118A  2763  120A  118A  	fcall	_clcd_write
   793                           
   794                           ;clcd.c: 66:     while (*str != '\0')
   795     071A  2F2D               	goto	l771
   796     071B                     l767:
   797                           
   798                           ;clcd.c: 67:     {;clcd.c: 68:         clcd_write(*str, 1);
   799     071B  01F0               	clrf	clcd_write@mode
   800     071C  0AF0               	incf	clcd_write@mode,f
   801     071D  0875               	movf	clcd_print@str,w
   802     071E  0084               	movwf	4
   803     071F  120A  118A  2003  120A  118A  	fcall	stringdir
   804     0724  120A  118A  2763  120A  118A  	fcall	_clcd_write
   805     0729                     l769:
   806                           
   807                           ;clcd.c: 69:         str++;
   808     0729  3001               	movlw	1
   809     072A  00FF               	movwf	btemp+1
   810     072B  087F               	movf	btemp+1,w
   811     072C  07F5               	addwf	clcd_print@str,f
   812     072D                     l771:
   813                           
   814                           ;clcd.c: 66:     while (*str != '\0')
   815     072D  0875               	movf	clcd_print@str,w
   816     072E  0084               	movwf	4
   817     072F  120A  118A  2003  120A  118A  	fcall	stringdir
   818     0734  3A00               	xorlw	0
   819     0735  1D03               	skipz
   820     0736  2F38               	goto	u81
   821     0737  2F39               	goto	u80
   822     0738                     u81:
   823     0738  2F1B               	goto	l767
   824     0739                     u80:
   825     0739                     l32:
   826     0739  0008               	return
   827     073A                     __end_of_clcd_print:
   828                           
   829                           	psect	text6
   830     0763                     __ptext6:	
   831 ;; *************** function _clcd_write *****************
   832 ;; Defined at:
   833 ;;		line 4 in file "clcd.c"
   834 ;; Parameters:    Size  Location     Type
   835 ;;  byte            1    wreg     unsigned char 
   836 ;;  mode            1    0[COMMON] unsigned char 
   837 ;; Auto vars:     Size  Location     Type
   838 ;;  byte            1    3[COMMON] unsigned char 
   839 ;; Return value:  Size  Location     Type
   840 ;;                  1    wreg      void 
   841 ;; Registers used:
   842 ;;		wreg, status,2, status,0
   843 ;; Tracked objects:
   844 ;;		On entry : 0/0
   845 ;;		On exit  : 0/0
   846 ;;		Unchanged: 0/0
   847 ;; Data sizes:     COMMON   BANK0   BANK1   BANK3   BANK2
   848 ;;      Params:         1       0       0       0       0
   849 ;;      Locals:         1       0       0       0       0
   850 ;;      Temps:          2       0       0       0       0
   851 ;;      Totals:         4       0       0       0       0
   852 ;;Total ram usage:        4 bytes
   853 ;; Hardware stack levels used: 1
   854 ;; This function calls:
   855 ;;		Nothing
   856 ;; This function is called by:
   857 ;;		_init_display_controller
   858 ;;		_clcd_putch
   859 ;;		_clcd_print
   860 ;; This function uses a non-reentrant model
   861 ;;
   862                           
   863     0763                     _clcd_write:	
   864                           ;psect for function _clcd_write
   865                           
   866                           
   867                           ;incstack = 0
   868                           ; Regs used in _clcd_write: [wreg+status,2+status,0]
   869                           ;clcd_write@byte stored from wreg
   870     0763  00F3               	movwf	clcd_write@byte
   871     0764                     l711:
   872                           
   873                           ;clcd.c: 4: static void clcd_write(unsigned char byte, unsigned char mode);clcd.c: 5: {;
      +                          clcd.c: 6:     RE2 = (__bit)mode;
   874     0764  1870               	btfsc	clcd_write@mode,0
   875     0765  2F67               	goto	u51
   876     0766  2F6B               	goto	u50
   877     0767                     u51:
   878     0767  1283               	bcf	3,5	;RP0=0, select bank0
   879     0768  1303               	bcf	3,6	;RP1=0, select bank0
   880     0769  1509               	bsf	9,2	;volatile
   881     076A  2F6E               	goto	u64
   882     076B                     u50:
   883     076B  1283               	bcf	3,5	;RP0=0, select bank0
   884     076C  1303               	bcf	3,6	;RP1=0, select bank0
   885     076D  1109               	bcf	9,2	;volatile
   886     076E                     u64:
   887     076E                     l713:
   888                           
   889                           ;clcd.c: 8:     PORTD = byte & 0xF0;
   890     076E  0873               	movf	clcd_write@byte,w
   891     076F  39F0               	andlw	240
   892     0770  0088               	movwf	8	;volatile
   893     0771                     l715:
   894                           
   895                           ;clcd.c: 9:     RE1 = 1;
   896     0771  1489               	bsf	9,1	;volatile
   897     0772                     l717:
   898                           
   899                           ;clcd.c: 10:     _delay((unsigned long)((100)*(20000000/4000000.0)));
   900     0772  30A6               	movlw	166
   901     0773  00F1               	movwf	??_clcd_write
   902     0774                     u167:
   903     0774  0BF1               	decfsz	??_clcd_write,f
   904     0775  2F74               	goto	u167
   905     0776  0000               	nop
   906     0777                     l719:
   907                           
   908                           ;clcd.c: 11:     RE1 = 0;
   909     0777  1283               	bcf	3,5	;RP0=0, select bank0
   910     0778  1303               	bcf	3,6	;RP1=0, select bank0
   911     0779  1089               	bcf	9,1	;volatile
   912     077A                     l721:
   913                           
   914                           ;clcd.c: 13:     PORTD = (unsigned char)((byte & 0x0F) << 4);
   915     077A  0873               	movf	clcd_write@byte,w
   916     077B  390F               	andlw	15
   917     077C  00F1               	movwf	??_clcd_write
   918     077D  3003               	movlw	3
   919     077E                     u75:
   920     077E  1003               	clrc
   921     077F  0DF1               	rlf	??_clcd_write,f
   922     0780  3EFF               	addlw	-1
   923     0781  1D03               	skipz
   924     0782  2F7E               	goto	u75
   925     0783  1003               	clrc
   926     0784  0D71               	rlf	??_clcd_write,w
   927     0785  0088               	movwf	8	;volatile
   928     0786                     l723:
   929                           
   930                           ;clcd.c: 14:     RE1 = 1;
   931     0786  1489               	bsf	9,1	;volatile
   932     0787                     l725:
   933                           
   934                           ;clcd.c: 15:     _delay((unsigned long)((100)*(20000000/4000000.0)));
   935     0787  30A6               	movlw	166
   936     0788  00F1               	movwf	??_clcd_write
   937     0789                     u177:
   938     0789  0BF1               	decfsz	??_clcd_write,f
   939     078A  2F89               	goto	u177
   940     078B  0000               	nop
   941     078C                     l727:
   942                           
   943                           ;clcd.c: 16:     RE1 = 0;
   944     078C  1283               	bcf	3,5	;RP0=0, select bank0
   945     078D  1303               	bcf	3,6	;RP1=0, select bank0
   946     078E  1089               	bcf	9,1	;volatile
   947     078F                     l729:
   948                           
   949                           ;clcd.c: 18:     _delay((unsigned long)((4100)*(20000000/4000000.0)));
   950     078F  301B               	movlw	27
   951     0790  00F2               	movwf	??_clcd_write+1
   952     0791  309E               	movlw	158
   953     0792  00F1               	movwf	??_clcd_write
   954     0793                     u187:
   955     0793  0BF1               	decfsz	??_clcd_write,f
   956     0794  2F93               	goto	u187
   957     0795  0BF2               	decfsz	??_clcd_write+1,f
   958     0796  2F93               	goto	u187
   959     0797  0000               	nop
   960     0798                     l17:
   961     0798  0008               	return
   962     0799                     __end_of_clcd_write:
   963     007E                     btemp	set	126	;btemp
   964     007E                     wtemp0	set	126
   965                           
   966                           	psect	idloc
   967                           
   968                           ;Config register IDLOC0 @ 0x2000
   969                           ;	unspecified, using default values
   970     2000                     	org	8192
   971     2000  3FFF               	dw	16383
   972                           
   973                           ;Config register IDLOC1 @ 0x2001
   974                           ;	unspecified, using default values
   975     2001                     	org	8193
   976     2001  3FFF               	dw	16383
   977                           
   978                           ;Config register IDLOC2 @ 0x2002
   979                           ;	unspecified, using default values
   980     2002                     	org	8194
   981     2002  3FFF               	dw	16383
   982                           
   983                           ;Config register IDLOC3 @ 0x2003
   984                           ;	unspecified, using default values
   985     2003                     	org	8195
   986     2003  3FFF               	dw	16383
   987                           
   988                           	psect	config
   989                           
   990                           ;Config register CONFIG @ 0x2007
   991                           ;	Oscillator Selection bits
   992                           ;	FOSC = 0x3, unprogrammed default
   993                           ;	Watchdog Timer Enable bit
   994                           ;	WDTE = OFF, WDT disabled
   995                           ;	Power-up Timer Enable bit
   996                           ;	PWRTE = 0x1, unprogrammed default
   997                           ;	Brown-out Reset Enable bit
   998                           ;	BOREN = 0x1, unprogrammed default
   999                           ;	Low-Voltage (Single-Supply) In-Circuit Serial Programming Enable bit
  1000                           ;	LVP = 0x1, unprogrammed default
  1001                           ;	Data EEPROM Memory Code Protection bit
  1002                           ;	CPD = 0x1, unprogrammed default
  1003                           ;	Flash Program Memory Write Enable bits
  1004                           ;	WRT = 0x3, unprogrammed default
  1005                           ;	In-Circuit Debugger Mode bit
  1006                           ;	DEBUG = 0x1, unprogrammed default
  1007                           ;	Flash Program Memory Code Protection bit
  1008                           ;	CP = 0x1, unprogrammed default
  1009     2007                     	org	8199
  1010     2007  3FFB               	dw	16379

Data Sizes:
    Strings     12
    Constant    0
    Data        0
    BSS         0
    Persistent  0
    Stack       0

Auto Spaces:
    Space          Size  Autos    Used
    COMMON           14      6       6
    BANK0            80      0       0
    BANK1            80      0       0
    BANK3            96      0       0
    BANK2            96      0       0

Pointer List with Targets:

    clcd_print@str	PTR const unsigned char  size(1) Largest target is 6
		 -> STR_2(CODE[6]), STR_1(CODE[6]), 


Critical Paths under _main in COMMON

    _main->_clcd_print
    _main->_clcd_putch
    _init_clcd->_init_display_controller
    _init_display_controller->_clcd_write
    _clcd_putch->_clcd_write
    _clcd_print->_clcd_write

Critical Paths under _main in BANK0

    None.

Critical Paths under _main in BANK1

    None.

Critical Paths under _main in BANK3

    None.

Critical Paths under _main in BANK2

    None.

Call Graph Tables:

 ---------------------------------------------------------------------------------
 (Depth) Function   	        Calls       Base Space   Used Autos Params    Refs
 ---------------------------------------------------------------------------------
 (0) _main                                                 0     0      0    3187
                         _clcd_print
                         _clcd_putch
                        _init_config
 ---------------------------------------------------------------------------------
 (1) _init_config                                          0     0      0     902
                          _init_clcd
 ---------------------------------------------------------------------------------
 (2) _init_clcd                                            0     0      0     902
            _init_display_controller
 ---------------------------------------------------------------------------------
 (3) _init_display_controller                              2     2      0     902
                                              4 COMMON     2     2      0
                         _clcd_write
 ---------------------------------------------------------------------------------
 (1) _clcd_putch                                           2     1      1    1098
                                              4 COMMON     2     1      1
                         _clcd_write
 ---------------------------------------------------------------------------------
 (1) _clcd_print                                           2     1      1    1187
                                              4 COMMON     2     1      1
                         _clcd_write
 ---------------------------------------------------------------------------------
 (4) _clcd_write                                           4     3      1     902
                                              0 COMMON     4     3      1
 ---------------------------------------------------------------------------------
 Estimated maximum stack depth 4
 ---------------------------------------------------------------------------------

 Call Graph Graphs:

 _main (ROOT)
   _clcd_print
     _clcd_write
   _clcd_putch
     _clcd_write
   _init_config
     _init_clcd
       _init_display_controller
         _clcd_write

 Address spaces:
Name               Size   Autos  Total    Cost      Usage
BITCOMMON            E      0       0       0        0.0%
EEDATA             100      0       0       0        0.0%
NULL                 0      0       0       0        0.0%
CODE                 0      0       0       0        0.0%
COMMON               E      6       6       1       42.9%
BITSFR0              0      0       0       1        0.0%
SFR0                 0      0       0       1        0.0%
BITSFR1              0      0       0       2        0.0%
SFR1                 0      0       0       2        0.0%
STACK                0      0       0       2        0.0%
ABS                  0      0       0       3        0.0%
BITBANK0            50      0       0       4        0.0%
BITSFR3              0      0       0       4        0.0%
SFR3                 0      0       0       4        0.0%
BANK0               50      0       0       5        0.0%
BITSFR2              0      0       0       5        0.0%
SFR2                 0      0       0       5        0.0%
BITBANK1            50      0       0       6        0.0%
BANK1               50      0       0       7        0.0%
BITBANK3            60      0       0       8        0.0%
BANK3               60      0       0       9        0.0%
BITBANK2            60      0       0      10        0.0%
BANK2               60      0       0      11        0.0%
DATA                 0      0       0      12        0.0%


Microchip Technology PIC Macro Assembler V2.41 build 20230208172133 
Symbol Table                                                                                   Fri Oct 06 23:05:40 2023

                              pc 0002                   clcd_print@addr 0074                               l20 07FB  
                             l23 0700                               l32 0739                               l17 0798  
                             l41 06F5                               l26 0711                               l46 073F  
                             u50 076B                               u51 0767                               u64 076E  
                             u80 0739                               u81 0738                               u75 077E  
                             u97 079D                               fsr 0004                              l711 0764  
                            l721 077A                              l713 076E                              l723 0786  
                            l715 0771                              l731 0799                              l725 0787  
                            l717 0772                              l741 07C4                              l733 07A1  
                            l727 078C                              l719 0777                              l751 07EF  
                            l743 07C7                              l735 07A8                              l729 078F  
                            l753 07F6                              l745 07CE                              l737 07B8  
                            l761 06FB                              l771 072D                              l763 0702  
                            l747 07DA                              l739 07BD                              l755 06F6  
                            l765 0713                              l749 07DF                              l757 06F9  
                            l773 06F0                              l767 071B                              l759 06FA  
                            l775 073A                              l769 0729                              l777 0747  
                            l779 074F                              _RE1 0049                              _RE2 004A  
                            u107 07AC                              u117 07BA                              u127 07D0  
                            u137 07DC                              u147 07EA                              u157 07F8  
                            u167 0774                              u177 0789                              u187 0793  
                 clcd_putch@addr 0074                              fsr0 0004                   clcd_putch@data 0075  
                           STR_1 000F                             STR_2 0009                             _main 073A  
                           btemp 007E                             start 0000                   clcd_write@byte 0073  
                 clcd_write@mode 0070                            ?_main 0070                     ?_init_config 0070  
                          _PORTD 0008                            _TRISD 0088                            pclath 000A  
                          status 0003                            wtemp0 007E                  __initialization 07FC  
                   __end_of_main 0763                           ??_main 0076                           _TRISE1 0449  
                         _TRISE2 044A          _init_display_controller 0799          __end_of__initialization 07FC  
                 __pcstackCOMMON 0070        ??_init_display_controller 0074                       _clcd_print 0712  
                     _clcd_putch 0701                       _clcd_write 0763                       __pmaintext 073A  
                     __stringtab 0003                          __ptext1 06F0                          __ptext2 06F6  
                        __ptext3 0799                          __ptext4 0701                          __ptext5 0712  
                        __ptext6 0763  __end_of_init_display_controller 07FC                __end_of_init_clcd 0701  
           end_of_initialization 07FC                      ?_clcd_print 0074                      ?_clcd_putch 0074  
                    ?_clcd_write 0070                    clcd_print@str 0075              start_initialization 07FC  
                  ??_init_config 0076                        ___latbits 0002                        __pstrings 0003  
                      _init_clcd 06F6              __end_of_init_config 06F6         ?_init_display_controller 0070  
                   ??_clcd_print 0075                     ??_clcd_putch 0075                     ??_clcd_write 0071  
                    __stringbase 0008               __end_of_clcd_print 073A               __end_of_clcd_putch 0712  
             __end_of_clcd_write 0799                       ?_init_clcd 0070               __end_of__stringtab 0009  
                    _init_config 06F0                      ??_init_clcd 0076                        stringcode 0003  
                       stringdir 0003                         stringtab 0003  
